2025-12-18 22:09:13,646 - __main__ - INFO - Using seed: 42
2025-12-18 22:09:13,647 - __main__ - INFO - Preparing GBM data for AAPL...
2025-12-18 22:09:13,647 - data.cache_manager - INFO - DataCacheManager initialized: cache
2025-12-18 22:09:13,692 - data.cache_manager - INFO - ✓ Loaded cached data for AAPL: (11345, 155)
2025-12-18 22:09:13,692 - __main__ - INFO - Using cached data: (11345, 155)
2025-12-18 22:09:13,692 - __main__ - INFO - Found 14 sentiment features - ensure they are properly lagged
2025-12-18 22:09:13,692 - __main__ - INFO - ✓ No look-ahead leakage detected in feature names
2025-12-18 22:09:13,694 - __main__ - INFO - Target range after clipping: [-0.1000, 0.1000]
2025-12-18 22:09:13,703 - __main__ - INFO - Data shape: X=(11345, 147), y=(11345,)
2025-12-18 22:09:13,703 - __main__ - INFO - 
============================================================
2025-12-18 22:09:13,703 - __main__ - INFO - Training XGBoost...
2025-12-18 22:09:13,703 - __main__ - INFO - ============================================================
2025-12-18 22:09:13,703 - __main__ - INFO - Walk-forward CV: 5 splits, test_size=60, gap=1
2025-12-18 22:09:13,703 - __main__ - INFO - Total samples: 11345, min train size: 1890
2025-12-18 22:09:13,703 - __main__ - INFO - 
--- Fold 1/5 ---
2025-12-18 22:09:13,704 - __main__ - INFO - Train: 11044 samples (indices 0-11043)
2025-12-18 22:09:13,704 - __main__ - INFO - Val: 60 samples (indices 11045-11104)
2025-12-18 22:09:14,202 - __main__ - INFO -   XGBoost early stopped at iteration 10
2025-12-18 22:09:14,204 - __main__ - WARNING -   ⚠️ Fold 1 VARIANCE COLLAPSE: pred_std=0.000053
2025-12-18 22:09:14,204 - __main__ - WARNING -   ⚠️ Fold 1 SEVERE BIAS: 100.0% positive
2025-12-18 22:09:14,206 - __main__ - INFO -   MSE: 0.000114, MAE: 0.008400, R²: -0.0003
2025-12-18 22:09:14,206 - __main__ - INFO -   Direction Acc: 0.5833, IC: 0.1233
2025-12-18 22:09:14,206 - __main__ - INFO -   Prediction std: 0.000053
/home/thunderboltdy/ai-stocks/python-ai-service/training/train_gbm_baseline.py:191: UserWarning: No artists with labels found to put in legend.  Note that artists whose label start with an underscore are ignored when legend() is called with no argument.
  axes[1].legend()
2025-12-18 22:09:14,468 - __main__ - INFO - ✓ Training curve saved: logs/xgb_training_curve_AAPL_fold1.png
2025-12-18 22:09:14,469 - __main__ - INFO - 
--- Fold 2/5 ---
2025-12-18 22:09:14,469 - __main__ - INFO - Train: 11104 samples (indices 0-11103)
2025-12-18 22:09:14,469 - __main__ - INFO - Val: 60 samples (indices 11105-11164)
2025-12-18 22:09:17,727 - __main__ - INFO -   MSE: 0.000357, MAE: 0.014259, R²: -0.1099
2025-12-18 22:09:17,727 - __main__ - INFO -   Direction Acc: 0.5667, IC: -0.0226
2025-12-18 22:09:17,727 - __main__ - INFO -   Prediction std: 0.004937
/home/thunderboltdy/ai-stocks/python-ai-service/training/train_gbm_baseline.py:191: UserWarning: No artists with labels found to put in legend.  Note that artists whose label start with an underscore are ignored when legend() is called with no argument.
  axes[1].legend()
2025-12-18 22:09:18,071 - __main__ - INFO - ✓ Training curve saved: logs/xgb_training_curve_AAPL_fold2.png
2025-12-18 22:09:18,072 - __main__ - INFO - 
--- Fold 3/5 ---
2025-12-18 22:09:18,072 - __main__ - INFO - Train: 11164 samples (indices 0-11163)
2025-12-18 22:09:18,072 - __main__ - INFO - Val: 60 samples (indices 11165-11224)
2025-12-18 22:09:21,185 - __main__ - INFO -   MSE: 0.000872, MAE: 0.018913, R²: -0.0776
2025-12-18 22:09:21,185 - __main__ - INFO -   Direction Acc: 0.4500, IC: -0.0765
2025-12-18 22:09:21,185 - __main__ - INFO -   Prediction std: 0.005787
/home/thunderboltdy/ai-stocks/python-ai-service/training/train_gbm_baseline.py:191: UserWarning: No artists with labels found to put in legend.  Note that artists whose label start with an underscore are ignored when legend() is called with no argument.
  axes[1].legend()
2025-12-18 22:09:21,449 - __main__ - INFO - ✓ Training curve saved: logs/xgb_training_curve_AAPL_fold3.png
2025-12-18 22:09:21,450 - __main__ - INFO - 
--- Fold 4/5 ---
2025-12-18 22:09:21,450 - __main__ - INFO - Train: 11224 samples (indices 0-11223)
2025-12-18 22:09:21,450 - __main__ - INFO - Val: 60 samples (indices 11225-11284)
2025-12-18 22:09:24,561 - __main__ - INFO -   MSE: 0.000283, MAE: 0.012017, R²: -0.1622
2025-12-18 22:09:24,561 - __main__ - INFO -   Direction Acc: 0.5500, IC: -0.1253
2025-12-18 22:09:24,561 - __main__ - INFO -   Prediction std: 0.003416
/home/thunderboltdy/ai-stocks/python-ai-service/training/train_gbm_baseline.py:191: UserWarning: No artists with labels found to put in legend.  Note that artists whose label start with an underscore are ignored when legend() is called with no argument.
  axes[1].legend()
2025-12-18 22:09:24,812 - __main__ - INFO - ✓ Training curve saved: logs/xgb_training_curve_AAPL_fold4.png
2025-12-18 22:09:24,813 - __main__ - INFO - 
--- Fold 5/5 ---
2025-12-18 22:09:24,813 - __main__ - INFO - Train: 11284 samples (indices 0-11283)
2025-12-18 22:09:24,813 - __main__ - INFO - Val: 60 samples (indices 11285-11344)
2025-12-18 22:09:27,840 - __main__ - INFO -   MSE: 0.000137, MAE: 0.008131, R²: -0.0631
2025-12-18 22:09:27,841 - __main__ - INFO -   Direction Acc: 0.5667, IC: 0.0138
2025-12-18 22:09:27,841 - __main__ - INFO -   Prediction std: 0.002971
/home/thunderboltdy/ai-stocks/python-ai-service/training/train_gbm_baseline.py:191: UserWarning: No artists with labels found to put in legend.  Note that artists whose label start with an underscore are ignored when legend() is called with no argument.
  axes[1].legend()
2025-12-18 22:09:28,092 - __main__ - INFO - ✓ Training curve saved: logs/xgb_training_curve_AAPL_fold5.png
2025-12-18 22:09:28,099 - __main__ - WARNING - ⚠️ 1/5 folds have variance collapse (pred_std < 0.001)
2025-12-18 22:09:28,099 - __main__ - INFO - 
=== XGB CV Summary ===
2025-12-18 22:09:28,099 - __main__ - INFO - MSE: 0.000352 ± 0.000308
2025-12-18 22:09:28,099 - __main__ - INFO - MAE: 0.012344 ± 0.004478
2025-12-18 22:09:28,099 - __main__ - INFO - R²: -0.0826 ± 0.0597
2025-12-18 22:09:28,099 - __main__ - INFO - Direction Acc: 0.5433 ± 0.0535
2025-12-18 22:09:28,099 - __main__ - INFO - IC: -0.0174 ± 0.0948
2025-12-18 22:09:28,099 - __main__ - INFO - Avg prediction std: 0.003433
2025-12-18 22:09:28,104 - __main__ - INFO - Training final XGB model on 11345 samples...
2025-12-18 22:09:28,395 - __main__ - INFO - Final XGBoost model: best iteration = 21
/home/thunderboltdy/ai-stocks/python-ai-service/training/train_gbm_baseline.py:191: UserWarning: No artists with labels found to put in legend.  Note that artists whose label start with an underscore are ignored when legend() is called with no argument.
  axes[1].legend()
2025-12-18 22:09:28,638 - __main__ - INFO - ✓ Training curve saved: logs/xgb_training_curve_AAPL_final.png
2025-12-18 22:09:28,641 - __main__ - INFO - Prediction stats: mean=0.000760, std=0.001456
2025-12-18 22:09:28,641 - __main__ - INFO - Prediction distribution: 90.2% positive, 9.8% negative
2025-12-18 22:09:28,641 - __main__ - INFO - Final IC: 0.3687, Direction Acc: 0.5394
2025-12-18 22:09:28,641 - __main__ - WARNING - ⚠️ Predictions are biased: 90.2% positive, 9.8% negative
2025-12-18 22:09:28,662 - __main__ - INFO - XGBoost model saved to saved_models/AAPL/gbm/xgb_reg.joblib
2025-12-18 22:09:28,663 - __main__ - INFO - 
============================================================
2025-12-18 22:09:28,663 - __main__ - INFO - Training LightGBM...
2025-12-18 22:09:28,663 - __main__ - INFO - ============================================================
2025-12-18 22:09:28,663 - __main__ - INFO - Walk-forward CV: 5 splits, test_size=60, gap=1
2025-12-18 22:09:28,663 - __main__ - INFO - Total samples: 11345, min train size: 1890
2025-12-18 22:09:28,663 - __main__ - INFO - 
--- Fold 1/5 ---
2025-12-18 22:09:28,663 - __main__ - INFO - Train: 11044 samples (indices 0-11043)
2025-12-18 22:09:28,663 - __main__ - INFO - Val: 60 samples (indices 11045-11104)
2025-12-18 22:09:29,246 - __main__ - INFO -   LightGBM trained 48 trees
/home/thunderboltdy/miniconda3/envs/ai-stocks/lib/python3.10/site-packages/sklearn/utils/validation.py:2749: UserWarning: X does not have valid feature names, but LGBMRegressor was fitted with feature names
  warnings.warn(
2025-12-18 22:09:29,248 - __main__ - INFO -   LightGBM Diagnostics (Fold 1):
2025-12-18 22:09:29,248 - __main__ - INFO -     Prediction std: 0.000226
2025-12-18 22:09:29,248 - __main__ - INFO -     Positive predictions: 100.0%
2025-12-18 22:09:29,248 - __main__ - INFO -     Mean prediction: 0.000980
2025-12-18 22:09:29,248 - __main__ - WARNING -   ⚠️ Fold 1 VARIANCE COLLAPSE: pred_std=0.000226
2025-12-18 22:09:29,248 - __main__ - ERROR -   Model may be over-regularized. Check reg_lambda and early_stopping.
2025-12-18 22:09:29,249 - __main__ - WARNING -   ⚠️ Fold 1 SEVERE BIAS: 100.0% positive
2025-12-18 22:09:29,250 - __main__ - INFO -   MSE: 0.000113, MAE: 0.008368, R²: 0.0047
2025-12-18 22:09:29,250 - __main__ - INFO -   Direction Acc: 0.5833, IC: 0.1384
2025-12-18 22:09:29,250 - __main__ - INFO -   Prediction std: 0.000226
/home/thunderboltdy/ai-stocks/python-ai-service/training/train_gbm_baseline.py:191: UserWarning: No artists with labels found to put in legend.  Note that artists whose label start with an underscore are ignored when legend() is called with no argument.
  axes[1].legend()
2025-12-18 22:09:29,522 - __main__ - INFO - ✓ Training curve saved: logs/lgb_training_curve_AAPL_fold1.png
2025-12-18 22:09:29,522 - __main__ - INFO - 
--- Fold 2/5 ---
2025-12-18 22:09:29,522 - __main__ - INFO - Train: 11104 samples (indices 0-11103)
2025-12-18 22:09:29,522 - __main__ - INFO - Val: 60 samples (indices 11105-11164)
2025-12-18 22:09:32,346 - __main__ - INFO -   LightGBM trained 1000 trees
/home/thunderboltdy/miniconda3/envs/ai-stocks/lib/python3.10/site-packages/sklearn/utils/validation.py:2749: UserWarning: X does not have valid feature names, but LGBMRegressor was fitted with feature names
  warnings.warn(
2025-12-18 22:09:32,348 - __main__ - INFO -   LightGBM Diagnostics (Fold 2):
2025-12-18 22:09:32,348 - __main__ - INFO -     Prediction std: 0.005345
2025-12-18 22:09:32,348 - __main__ - INFO -     Positive predictions: 50.0%
2025-12-18 22:09:32,348 - __main__ - INFO -     Mean prediction: 0.000967
2025-12-18 22:09:32,350 - __main__ - INFO -   MSE: 0.000349, MAE: 0.014332, R²: -0.0850
2025-12-18 22:09:32,350 - __main__ - INFO -   Direction Acc: 0.5333, IC: 0.0351
2025-12-18 22:09:32,350 - __main__ - INFO -   Prediction std: 0.005345
/home/thunderboltdy/ai-stocks/python-ai-service/training/train_gbm_baseline.py:191: UserWarning: No artists with labels found to put in legend.  Note that artists whose label start with an underscore are ignored when legend() is called with no argument.
  axes[1].legend()
2025-12-18 22:09:32,605 - __main__ - INFO - ✓ Training curve saved: logs/lgb_training_curve_AAPL_fold2.png
2025-12-18 22:09:32,605 - __main__ - INFO - 
--- Fold 3/5 ---
2025-12-18 22:09:32,605 - __main__ - INFO - Train: 11164 samples (indices 0-11163)
2025-12-18 22:09:32,605 - __main__ - INFO - Val: 60 samples (indices 11165-11224)
2025-12-18 22:09:35,680 - __main__ - INFO -   LightGBM trained 1000 trees
/home/thunderboltdy/miniconda3/envs/ai-stocks/lib/python3.10/site-packages/sklearn/utils/validation.py:2749: UserWarning: X does not have valid feature names, but LGBMRegressor was fitted with feature names
  warnings.warn(
2025-12-18 22:09:35,682 - __main__ - INFO -   LightGBM Diagnostics (Fold 3):
2025-12-18 22:09:35,682 - __main__ - INFO -     Prediction std: 0.006946
2025-12-18 22:09:35,682 - __main__ - INFO -     Positive predictions: 38.3%
2025-12-18 22:09:35,682 - __main__ - INFO -     Mean prediction: -0.002287
2025-12-18 22:09:35,684 - __main__ - INFO -   MSE: 0.000877, MAE: 0.019368, R²: -0.0832
2025-12-18 22:09:35,684 - __main__ - INFO -   Direction Acc: 0.4667, IC: -0.0483
2025-12-18 22:09:35,684 - __main__ - INFO -   Prediction std: 0.006946
/home/thunderboltdy/ai-stocks/python-ai-service/training/train_gbm_baseline.py:191: UserWarning: No artists with labels found to put in legend.  Note that artists whose label start with an underscore are ignored when legend() is called with no argument.
  axes[1].legend()
2025-12-18 22:09:35,953 - __main__ - INFO - ✓ Training curve saved: logs/lgb_training_curve_AAPL_fold3.png
2025-12-18 22:09:35,954 - __main__ - INFO - 
--- Fold 4/5 ---
2025-12-18 22:09:35,954 - __main__ - INFO - Train: 11224 samples (indices 0-11223)
2025-12-18 22:09:35,954 - __main__ - INFO - Val: 60 samples (indices 11225-11284)
2025-12-18 22:09:38,943 - __main__ - INFO -   LightGBM trained 1000 trees
/home/thunderboltdy/miniconda3/envs/ai-stocks/lib/python3.10/site-packages/sklearn/utils/validation.py:2749: UserWarning: X does not have valid feature names, but LGBMRegressor was fitted with feature names
  warnings.warn(
2025-12-18 22:09:38,945 - __main__ - INFO -   LightGBM Diagnostics (Fold 4):
2025-12-18 22:09:38,945 - __main__ - INFO -     Prediction std: 0.003994
2025-12-18 22:09:38,945 - __main__ - INFO -     Positive predictions: 48.3%
2025-12-18 22:09:38,945 - __main__ - INFO -     Mean prediction: -0.000097
2025-12-18 22:09:38,946 - __main__ - INFO -   MSE: 0.000279, MAE: 0.011816, R²: -0.1490
2025-12-18 22:09:38,946 - __main__ - INFO -   Direction Acc: 0.5500, IC: -0.0610
2025-12-18 22:09:38,946 - __main__ - INFO -   Prediction std: 0.003994
/home/thunderboltdy/ai-stocks/python-ai-service/training/train_gbm_baseline.py:191: UserWarning: No artists with labels found to put in legend.  Note that artists whose label start with an underscore are ignored when legend() is called with no argument.
  axes[1].legend()
2025-12-18 22:09:39,194 - __main__ - INFO - ✓ Training curve saved: logs/lgb_training_curve_AAPL_fold4.png
2025-12-18 22:09:39,194 - __main__ - INFO - 
--- Fold 5/5 ---
2025-12-18 22:09:39,194 - __main__ - INFO - Train: 11284 samples (indices 0-11283)
2025-12-18 22:09:39,194 - __main__ - INFO - Val: 60 samples (indices 11285-11344)
2025-12-18 22:09:42,172 - __main__ - INFO -   LightGBM trained 1000 trees
/home/thunderboltdy/miniconda3/envs/ai-stocks/lib/python3.10/site-packages/sklearn/utils/validation.py:2749: UserWarning: X does not have valid feature names, but LGBMRegressor was fitted with feature names
  warnings.warn(
2025-12-18 22:09:42,175 - __main__ - INFO -   LightGBM Diagnostics (Fold 5):
2025-12-18 22:09:42,175 - __main__ - INFO -     Prediction std: 0.003983
2025-12-18 22:09:42,175 - __main__ - INFO -     Positive predictions: 45.0%
2025-12-18 22:09:42,175 - __main__ - INFO -     Mean prediction: -0.000673
2025-12-18 22:09:42,176 - __main__ - INFO -   MSE: 0.000161, MAE: 0.008951, R²: -0.2550
2025-12-18 22:09:42,176 - __main__ - INFO -   Direction Acc: 0.4667, IC: -0.1500
2025-12-18 22:09:42,177 - __main__ - INFO -   Prediction std: 0.003983
/home/thunderboltdy/ai-stocks/python-ai-service/training/train_gbm_baseline.py:191: UserWarning: No artists with labels found to put in legend.  Note that artists whose label start with an underscore are ignored when legend() is called with no argument.
  axes[1].legend()
2025-12-18 22:09:42,430 - __main__ - INFO - ✓ Training curve saved: logs/lgb_training_curve_AAPL_fold5.png
2025-12-18 22:09:42,433 - __main__ - WARNING - ⚠️ 1/5 folds have variance collapse (pred_std < 0.001)
2025-12-18 22:09:42,433 - __main__ - INFO - 
=== LGB CV Summary ===
2025-12-18 22:09:42,434 - __main__ - INFO - MSE: 0.000356 ± 0.000306
2025-12-18 22:09:42,434 - __main__ - INFO - MAE: 0.012567 ± 0.004490
2025-12-18 22:09:42,434 - __main__ - INFO - R²: -0.1135 ± 0.0961
2025-12-18 22:09:42,434 - __main__ - INFO - Direction Acc: 0.5200 ± 0.0519
2025-12-18 22:09:42,434 - __main__ - INFO - IC: -0.0171 ± 0.1089
2025-12-18 22:09:42,434 - __main__ - INFO - Avg prediction std: 0.004099
2025-12-18 22:09:42,436 - __main__ - INFO - Training final LGB model on 11345 samples...
2025-12-18 22:09:43,063 - __main__ - INFO - Phase 1 complete: best_iter=21, using 200 trees for final model
2025-12-18 22:09:43,063 - __main__ - INFO - Phase 2 config: {'n_estimators': 200, 'learning_rate': 0.03, 'max_depth': 6, 'num_leaves': 31, 'subsample': 0.8, 'colsample_bytree': 0.8, 'min_child_samples': 20, 'reg_alpha': 0.005, 'reg_lambda': 0.01, 'min_split_gain': 0.0, 'random_state': 42, 'n_jobs': -1, 'objective': 'huber', 'alpha': 0.9, 'metric': ['rmse'], 'verbosity': -1, 'force_col_wise': True, 'deterministic': True}
2025-12-18 22:09:44,165 - __main__ - INFO - Phase 2 complete: Final LightGBM model trained 200 trees
/home/thunderboltdy/ai-stocks/python-ai-service/training/train_gbm_baseline.py:191: UserWarning: No artists with labels found to put in legend.  Note that artists whose label start with an underscore are ignored when legend() is called with no argument.
  axes[1].legend()
2025-12-18 22:09:44,404 - __main__ - INFO - ✓ Training curve saved: logs/lgb_training_curve_AAPL_final.png
/home/thunderboltdy/miniconda3/envs/ai-stocks/lib/python3.10/site-packages/sklearn/utils/validation.py:2749: UserWarning: X does not have valid feature names, but LGBMRegressor was fitted with feature names
  warnings.warn(
2025-12-18 22:09:44,415 - __main__ - INFO - Prediction stats: mean=0.000795, std=0.005551
2025-12-18 22:09:44,416 - __main__ - INFO - Prediction distribution: 69.6% positive, 30.4% negative
2025-12-18 22:09:44,416 - __main__ - INFO - Final IC: 0.6477, Direction Acc: 0.6563
2025-12-18 22:09:44,443 - __main__ - INFO - LightGBM model saved to saved_models/AAPL/gbm/lgb_reg.joblib
2025-12-18 22:09:44,445 - __main__ - INFO - 
✓ GBM training complete for AAPL
2025-12-18 22:09:44,445 - __main__ - INFO -   Models saved to: saved_models/AAPL/gbm
Technical features by category (expected sum): 116
Actual technical list length: 113
Difference from canonical 113: 0
Training until validation scores don't improve for 100 rounds
[100]	training's rmse: 0.024288	validation's rmse: 0.0107019
Early stopping, best iteration is:
[48]	training's rmse: 0.0250969	validation's rmse: 0.0106327
[100]	training's rmse: 0.0242062	validation's rmse: 0.0183142
[200]	training's rmse: 0.0228572	validation's rmse: 0.0183659
[300]	training's rmse: 0.0215083	validation's rmse: 0.0183511
[400]	training's rmse: 0.0204261	validation's rmse: 0.0184679
[500]	training's rmse: 0.0193624	validation's rmse: 0.018765
[600]	training's rmse: 0.0184043	validation's rmse: 0.0187519
[700]	training's rmse: 0.0174774	validation's rmse: 0.0187072
[800]	training's rmse: 0.0166799	validation's rmse: 0.018731
[900]	training's rmse: 0.0159676	validation's rmse: 0.0187421
[1000]	training's rmse: 0.0151935	validation's rmse: 0.0186685
[100]	training's rmse: 0.0242247	validation's rmse: 0.0289218
[200]	training's rmse: 0.0227828	validation's rmse: 0.0288272
[300]	training's rmse: 0.0214808	validation's rmse: 0.0288468
[400]	training's rmse: 0.0204097	validation's rmse: 0.029103
[500]	training's rmse: 0.0192894	validation's rmse: 0.0291138
[600]	training's rmse: 0.0183339	validation's rmse: 0.0291775
[700]	training's rmse: 0.0174153	validation's rmse: 0.0295465
[800]	training's rmse: 0.0165911	validation's rmse: 0.0294847
[900]	training's rmse: 0.0158312	validation's rmse: 0.0295682
[1000]	training's rmse: 0.0151237	validation's rmse: 0.0296131
[100]	training's rmse: 0.0242407	validation's rmse: 0.0157973
[200]	training's rmse: 0.0228613	validation's rmse: 0.0158347
[300]	training's rmse: 0.0216183	validation's rmse: 0.0160145
[400]	training's rmse: 0.0204428	validation's rmse: 0.0158663
[500]	training's rmse: 0.0193769	validation's rmse: 0.0158896
[600]	training's rmse: 0.0184384	validation's rmse: 0.0161394
[700]	training's rmse: 0.0175392	validation's rmse: 0.0162638
[800]	training's rmse: 0.0167021	validation's rmse: 0.0164453
[900]	training's rmse: 0.0159491	validation's rmse: 0.0165627
[1000]	training's rmse: 0.0152637	validation's rmse: 0.0167168
[100]	training's rmse: 0.0242558	validation's rmse: 0.0112482
[200]	training's rmse: 0.0228336	validation's rmse: 0.011326
[300]	training's rmse: 0.021601	validation's rmse: 0.011567
[400]	training's rmse: 0.0204735	validation's rmse: 0.0119328
[500]	training's rmse: 0.0193559	validation's rmse: 0.0122525
[600]	training's rmse: 0.0184334	validation's rmse: 0.0124389
[700]	training's rmse: 0.0175731	validation's rmse: 0.012515
[800]	training's rmse: 0.0167591	validation's rmse: 0.0125513
[900]	training's rmse: 0.0159592	validation's rmse: 0.0126387
[1000]	training's rmse: 0.0152541	validation's rmse: 0.0126979
Training until validation scores don't improve for 100 rounds
[100]	training's rmse: 0.025277	validation's rmse: 0.0183795
Early stopping, best iteration is:
[21]	training's rmse: 0.0268139	validation's rmse: 0.0183213

============================================================
TRAINING SUMMARY
============================================================

XGB:
  MSE:  0.000352 ± 0.000308
  MAE:  0.012344 ± 0.004478
  R²:   -0.0826 ± 0.0597
  Dir:  0.5433 ± 0.0535
  IC:   -0.0174 ± 0.0948

LGB:
  MSE:  0.000356 ± 0.000306
  MAE:  0.012567 ± 0.004490
  R²:   -0.1135 ± 0.0961
  Dir:  0.5200 ± 0.0519
  IC:   -0.0171 ± 0.1089
