2025-12-19 15:44:34,372 - __main__ - INFO - Using seed: 42
2025-12-19 15:44:34,373 - __main__ - INFO - Preparing GBM data for IWM...
2025-12-19 15:44:34,373 - data.cache_manager - INFO - DataCacheManager initialized: cache
2025-12-19 15:44:34,396 - data.cache_manager - INFO - ✓ Loaded cached data for IWM: (6428, 165)
Technical features by category (expected sum): 116
Actual technical list length: 123
Difference from canonical 113: 10

❌ DRIFT DETECTED!
Categories sum to: 116
List has: 123
Extra technical items (tail): ['latest_high_pivot', 'latest_low_pivot', 'dist_to_high_pivot', 'dist_to_low_pivot', 'vap_poc_price', 'dist_to_vap_poc', 'hvn_proximity', 'near_resistance_zone', 'near_support_zone', 'volume_concentration_score']
2025-12-19 15:44:34,396 - __main__ - INFO - Using cached data: (6428, 165)
2025-12-19 15:44:34,396 - __main__ - INFO - Found 14 sentiment features - ensure they are properly lagged
2025-12-19 15:44:34,396 - __main__ - INFO - ✓ No look-ahead leakage detected in feature names
2025-12-19 15:44:34,398 - __main__ - INFO - Target range after clipping: [-0.1000, 0.0875]
2025-12-19 15:44:34,406 - __main__ - INFO - Data shape: X=(6428, 157), y=(6428,)
2025-12-19 15:44:34,406 - __main__ - INFO - 
============================================================
2025-12-19 15:44:34,406 - __main__ - INFO - Training XGBoost...
2025-12-19 15:44:34,406 - __main__ - INFO - ============================================================
2025-12-19 15:44:34,406 - __main__ - INFO - Walk-forward CV: 5 splits, test_size=60, gap=1
2025-12-19 15:44:34,406 - __main__ - INFO - Total samples: 6428, min train size: 1071
2025-12-19 15:44:34,406 - __main__ - INFO - 
--- Fold 1/5 ---
2025-12-19 15:44:34,406 - __main__ - INFO - Train: 6127 samples (indices 0-6126)
2025-12-19 15:44:34,406 - __main__ - INFO - Val: 60 samples (indices 6128-6187)
2025-12-19 15:44:34,795 - __main__ - INFO -   XGBoost early stopped at iteration 49
2025-12-19 15:44:34,797 - __main__ - WARNING -   ⚠️ Fold 1 VARIANCE COLLAPSE: pred_std=0.000768
2025-12-19 15:44:34,797 - __main__ - WARNING -   ⚠️ Fold 1 SEVERE BIAS: 91.7% positive
2025-12-19 15:44:34,798 - __main__ - INFO -   MSE: 0.000179, MAE: 0.009370, R²: 0.0036
2025-12-19 15:44:34,798 - __main__ - INFO -   Direction Acc: 0.5000, IC: 0.0650
2025-12-19 15:44:34,798 - __main__ - INFO -   Prediction std: 0.000768
/home/thunderboltdy/ai-stocks/python-ai-service/training/train_gbm_baseline.py:191: UserWarning: No artists with labels found to put in legend.  Note that artists whose label start with an underscore are ignored when legend() is called with no argument.
  axes[1].legend()
2025-12-19 15:44:35,074 - __main__ - INFO - ✓ Training curve saved: logs/xgb_training_curve_IWM_fold1.png
2025-12-19 15:44:35,075 - __main__ - INFO - 
--- Fold 2/5 ---
2025-12-19 15:44:35,075 - __main__ - INFO - Train: 6187 samples (indices 0-6186)
2025-12-19 15:44:35,075 - __main__ - INFO - Val: 60 samples (indices 6188-6247)
2025-12-19 15:44:35,267 - __main__ - WARNING -   ⚠️ Fold 2 VARIANCE COLLAPSE: pred_std=0.000531
2025-12-19 15:44:35,268 - __main__ - WARNING -   ⚠️ Fold 2 SEVERE BIAS: 93.3% positive
2025-12-19 15:44:35,269 - __main__ - INFO -   MSE: 0.000147, MAE: 0.009595, R²: -0.0214
2025-12-19 15:44:35,269 - __main__ - INFO -   Direction Acc: 0.4333, IC: 0.1042
2025-12-19 15:44:35,269 - __main__ - INFO -   Prediction std: 0.000531
/home/thunderboltdy/ai-stocks/python-ai-service/training/train_gbm_baseline.py:191: UserWarning: No artists with labels found to put in legend.  Note that artists whose label start with an underscore are ignored when legend() is called with no argument.
  axes[1].legend()
2025-12-19 15:44:35,635 - __main__ - INFO - ✓ Training curve saved: logs/xgb_training_curve_IWM_fold2.png
2025-12-19 15:44:35,636 - __main__ - INFO - 
--- Fold 3/5 ---
2025-12-19 15:44:35,636 - __main__ - INFO - Train: 6247 samples (indices 0-6246)
2025-12-19 15:44:35,636 - __main__ - INFO - Val: 60 samples (indices 6248-6307)
2025-12-19 15:44:35,813 - __main__ - INFO -   MSE: 0.000393, MAE: 0.012780, R²: 0.0192
2025-12-19 15:44:35,813 - __main__ - INFO -   Direction Acc: 0.5833, IC: 0.1486
2025-12-19 15:44:35,813 - __main__ - INFO -   Prediction std: 0.002498
/home/thunderboltdy/ai-stocks/python-ai-service/training/train_gbm_baseline.py:191: UserWarning: No artists with labels found to put in legend.  Note that artists whose label start with an underscore are ignored when legend() is called with no argument.
  axes[1].legend()
2025-12-19 15:44:36,054 - __main__ - INFO - ✓ Training curve saved: logs/xgb_training_curve_IWM_fold3.png
2025-12-19 15:44:36,054 - __main__ - INFO - 
--- Fold 4/5 ---
2025-12-19 15:44:36,054 - __main__ - INFO - Train: 6307 samples (indices 0-6306)
2025-12-19 15:44:36,054 - __main__ - INFO - Val: 60 samples (indices 6308-6367)
2025-12-19 15:44:36,219 - __main__ - WARNING -   ⚠️ Fold 4 VARIANCE COLLAPSE: pred_std=0.000164
2025-12-19 15:44:36,219 - __main__ - WARNING -   ⚠️ Fold 4 SEVERE BIAS: 98.3% positive
2025-12-19 15:44:36,220 - __main__ - INFO -   MSE: 0.000135, MAE: 0.008965, R²: -0.0245
2025-12-19 15:44:36,220 - __main__ - INFO -   Direction Acc: 0.5333, IC: -0.0587
2025-12-19 15:44:36,221 - __main__ - INFO -   Prediction std: 0.000164
/home/thunderboltdy/ai-stocks/python-ai-service/training/train_gbm_baseline.py:191: UserWarning: No artists with labels found to put in legend.  Note that artists whose label start with an underscore are ignored when legend() is called with no argument.
  axes[1].legend()
2025-12-19 15:44:36,462 - __main__ - INFO - ✓ Training curve saved: logs/xgb_training_curve_IWM_fold4.png
2025-12-19 15:44:36,462 - __main__ - INFO - 
--- Fold 5/5 ---
2025-12-19 15:44:36,462 - __main__ - INFO - Train: 6367 samples (indices 0-6366)
2025-12-19 15:44:36,462 - __main__ - INFO - Val: 60 samples (indices 6368-6427)
2025-12-19 15:44:36,628 - __main__ - WARNING -   ⚠️ Fold 5 VARIANCE COLLAPSE: pred_std=0.000157
2025-12-19 15:44:36,628 - __main__ - WARNING -   ⚠️ Fold 5 SEVERE BIAS: 98.3% positive
2025-12-19 15:44:36,629 - __main__ - INFO -   MSE: 0.000163, MAE: 0.010249, R²: -0.0036
2025-12-19 15:44:36,629 - __main__ - INFO -   Direction Acc: 0.5500, IC: -0.1264
2025-12-19 15:44:36,629 - __main__ - INFO -   Prediction std: 0.000157
/home/thunderboltdy/ai-stocks/python-ai-service/training/train_gbm_baseline.py:191: UserWarning: No artists with labels found to put in legend.  Note that artists whose label start with an underscore are ignored when legend() is called with no argument.
  axes[1].legend()
2025-12-19 15:44:36,860 - __main__ - INFO - ✓ Training curve saved: logs/xgb_training_curve_IWM_fold5.png
2025-12-19 15:44:36,866 - __main__ - WARNING - ⚠️ 4/5 folds have variance collapse (pred_std < 0.001)
2025-12-19 15:44:36,866 - __main__ - INFO - 
=== XGB CV Summary ===
2025-12-19 15:44:36,867 - __main__ - INFO - MSE: 0.000203 ± 0.000107
2025-12-19 15:44:36,867 - __main__ - INFO - MAE: 0.010192 ± 0.001520
2025-12-19 15:44:36,867 - __main__ - INFO - R²: -0.0053 ± 0.0181
2025-12-19 15:44:36,867 - __main__ - INFO - Direction Acc: 0.5200 ± 0.0570
2025-12-19 15:44:36,867 - __main__ - INFO - IC: 0.0265 ± 0.1152
2025-12-19 15:44:36,867 - __main__ - INFO - Avg prediction std: 0.000824
2025-12-19 15:44:36,867 - __main__ - INFO - Training final XGB model on 6428 samples...
2025-12-19 15:44:37,022 - __main__ - INFO - Final XGBoost model: best iteration = 2
/home/thunderboltdy/ai-stocks/python-ai-service/training/train_gbm_baseline.py:191: UserWarning: No artists with labels found to put in legend.  Note that artists whose label start with an underscore are ignored when legend() is called with no argument.
  axes[1].legend()
2025-12-19 15:44:37,303 - __main__ - INFO - ✓ Training curve saved: logs/xgb_training_curve_IWM_final.png
2025-12-19 15:44:37,305 - __main__ - INFO - Prediction stats: mean=0.000288, std=0.000321
2025-12-19 15:44:37,305 - __main__ - INFO - Prediction distribution: 96.7% positive, 3.3% negative
2025-12-19 15:44:37,305 - __main__ - INFO - Final IC: 0.2471, Direction Acc: 0.5328
2025-12-19 15:44:37,305 - __main__ - WARNING - ⚠️ VARIANCE COLLAPSE DETECTED: Predictions have near-zero variance
2025-12-19 15:44:37,305 - __main__ - WARNING -    This means the model is outputting constant values
2025-12-19 15:44:37,305 - __main__ - WARNING -    Root causes: early stopping too aggressive, huber_delta too large, or data issues
2025-12-19 15:44:37,305 - __main__ - WARNING - ⚠️ Predictions are biased: 96.7% positive, 3.3% negative
2025-12-19 15:44:37,322 - __main__ - INFO - XGBoost model saved to saved_models/IWM/gbm/xgb_reg.joblib
2025-12-19 15:44:37,322 - __main__ - INFO - 
============================================================
2025-12-19 15:44:37,323 - __main__ - INFO - Training LightGBM...
2025-12-19 15:44:37,323 - __main__ - INFO - ============================================================
2025-12-19 15:44:37,323 - __main__ - INFO - Walk-forward CV: 5 splits, test_size=60, gap=1
2025-12-19 15:44:37,323 - __main__ - INFO - Total samples: 6428, min train size: 1071
2025-12-19 15:44:37,323 - __main__ - INFO - 
--- Fold 1/5 ---
2025-12-19 15:44:37,323 - __main__ - INFO - Train: 6127 samples (indices 0-6126)
2025-12-19 15:44:37,323 - __main__ - INFO - Val: 60 samples (indices 6128-6187)
Training until validation scores don't improve for 100 rounds
Did not meet early stopping. Best iteration is:
[50]	training's rmse: 0.0143308	validation's rmse: 0.0133105
2025-12-19 15:44:37,820 - __main__ - INFO -   LightGBM trained 50 trees
/home/thunderboltdy/miniconda3/envs/ai-stocks/lib/python3.10/site-packages/sklearn/utils/validation.py:2749: UserWarning: X does not have valid feature names, but LGBMRegressor was fitted with feature names
  warnings.warn(
2025-12-19 15:44:37,823 - __main__ - INFO -   LightGBM Diagnostics (Fold 1):
2025-12-19 15:44:37,823 - __main__ - INFO -     Prediction std: 0.000567
2025-12-19 15:44:37,823 - __main__ - INFO -     Positive predictions: 91.7%
2025-12-19 15:44:37,823 - __main__ - INFO -     Mean prediction: 0.000311
2025-12-19 15:44:37,823 - __main__ - WARNING -   ⚠️ Fold 1 VARIANCE COLLAPSE: pred_std=0.000567
2025-12-19 15:44:37,824 - __main__ - ERROR -   Model may be over-regularized. Check reg_lambda and early_stopping.
2025-12-19 15:44:37,824 - __main__ - WARNING -   ⚠️ Fold 1 SEVERE BIAS: 91.7% positive
2025-12-19 15:44:37,825 - __main__ - INFO -   MSE: 0.000177, MAE: 0.009264, R²: 0.0150
2025-12-19 15:44:37,825 - __main__ - INFO -   Direction Acc: 0.5667, IC: 0.2032
2025-12-19 15:44:37,825 - __main__ - INFO -   Prediction std: 0.000567
/home/thunderboltdy/ai-stocks/python-ai-service/training/train_gbm_baseline.py:191: UserWarning: No artists with labels found to put in legend.  Note that artists whose label start with an underscore are ignored when legend() is called with no argument.
  axes[1].legend()
2025-12-19 15:44:38,080 - __main__ - INFO - ✓ Training curve saved: logs/lgb_training_curve_IWM_fold1.png
2025-12-19 15:44:38,080 - __main__ - INFO - 
--- Fold 2/5 ---
2025-12-19 15:44:38,080 - __main__ - INFO - Train: 6187 samples (indices 0-6186)
2025-12-19 15:44:38,080 - __main__ - INFO - Val: 60 samples (indices 6188-6247)
2025-12-19 15:44:38,185 - __main__ - INFO -   LightGBM trained 50 trees
/home/thunderboltdy/miniconda3/envs/ai-stocks/lib/python3.10/site-packages/sklearn/utils/validation.py:2749: UserWarning: X does not have valid feature names, but LGBMRegressor was fitted with feature names
  warnings.warn(
2025-12-19 15:44:38,187 - __main__ - INFO -   LightGBM Diagnostics (Fold 2):
2025-12-19 15:44:38,187 - __main__ - INFO -     Prediction std: 0.000564
2025-12-19 15:44:38,187 - __main__ - INFO -     Positive predictions: 93.3%
2025-12-19 15:44:38,187 - __main__ - INFO -     Mean prediction: 0.000510
2025-12-19 15:44:38,187 - __main__ - WARNING -   ⚠️ Fold 2 VARIANCE COLLAPSE: pred_std=0.000564
2025-12-19 15:44:38,187 - __main__ - ERROR -   Model may be over-regularized. Check reg_lambda and early_stopping.
2025-12-19 15:44:38,187 - __main__ - WARNING -   ⚠️ Fold 2 SEVERE BIAS: 93.3% positive
2025-12-19 15:44:38,188 - __main__ - INFO -   MSE: 0.000146, MAE: 0.009655, R²: -0.0135
2025-12-19 15:44:38,188 - __main__ - INFO -   Direction Acc: 0.4333, IC: 0.2292
2025-12-19 15:44:38,188 - __main__ - INFO -   Prediction std: 0.000564
/home/thunderboltdy/ai-stocks/python-ai-service/training/train_gbm_baseline.py:191: UserWarning: No artists with labels found to put in legend.  Note that artists whose label start with an underscore are ignored when legend() is called with no argument.
  axes[1].legend()
2025-12-19 15:44:38,427 - __main__ - INFO - ✓ Training curve saved: logs/lgb_training_curve_IWM_fold2.png
2025-12-19 15:44:38,427 - __main__ - INFO - 
--- Fold 3/5 ---
2025-12-19 15:44:38,428 - __main__ - INFO - Train: 6247 samples (indices 0-6246)
2025-12-19 15:44:38,428 - __main__ - INFO - Val: 60 samples (indices 6248-6307)
2025-12-19 15:44:38,620 - __main__ - INFO -   LightGBM trained 50 trees
/home/thunderboltdy/miniconda3/envs/ai-stocks/lib/python3.10/site-packages/sklearn/utils/validation.py:2749: UserWarning: X does not have valid feature names, but LGBMRegressor was fitted with feature names
  warnings.warn(
2025-12-19 15:44:38,622 - __main__ - INFO -   LightGBM Diagnostics (Fold 3):
2025-12-19 15:44:38,622 - __main__ - INFO -     Prediction std: 0.002596
2025-12-19 15:44:38,622 - __main__ - INFO -     Positive predictions: 90.0%
2025-12-19 15:44:38,622 - __main__ - INFO -     Mean prediction: 0.000213
2025-12-19 15:44:38,623 - __main__ - INFO -   MSE: 0.000389, MAE: 0.012780, R²: 0.0297
2025-12-19 15:44:38,623 - __main__ - INFO -   Direction Acc: 0.5833, IC: 0.1870
2025-12-19 15:44:38,623 - __main__ - INFO -   Prediction std: 0.002596
/home/thunderboltdy/ai-stocks/python-ai-service/training/train_gbm_baseline.py:191: UserWarning: No artists with labels found to put in legend.  Note that artists whose label start with an underscore are ignored when legend() is called with no argument.
  axes[1].legend()
2025-12-19 15:44:38,860 - __main__ - INFO - ✓ Training curve saved: logs/lgb_training_curve_IWM_fold3.png
2025-12-19 15:44:38,860 - __main__ - INFO - 
--- Fold 4/5 ---
2025-12-19 15:44:38,861 - __main__ - INFO - Train: 6307 samples (indices 0-6306)
2025-12-19 15:44:38,861 - __main__ - INFO - Val: 60 samples (indices 6308-6367)
2025-12-19 15:44:39,074 - __main__ - INFO -   LightGBM trained 50 trees
/home/thunderboltdy/miniconda3/envs/ai-stocks/lib/python3.10/site-packages/sklearn/utils/validation.py:2749: UserWarning: X does not have valid feature names, but LGBMRegressor was fitted with feature names
  warnings.warn(
2025-12-19 15:44:39,076 - __main__ - INFO -   LightGBM Diagnostics (Fold 4):
2025-12-19 15:44:39,076 - __main__ - INFO -     Prediction std: 0.000125
2025-12-19 15:44:39,076 - __main__ - INFO -     Positive predictions: 90.0%
2025-12-19 15:44:39,076 - __main__ - INFO -     Mean prediction: 0.000214
2025-12-19 15:44:39,076 - __main__ - WARNING -   ⚠️ Fold 4 VARIANCE COLLAPSE: pred_std=0.000125
2025-12-19 15:44:39,076 - __main__ - ERROR -   Model may be over-regularized. Check reg_lambda and early_stopping.
2025-12-19 15:44:39,077 - __main__ - INFO -   MSE: 0.000135, MAE: 0.008947, R²: -0.0221
2025-12-19 15:44:39,077 - __main__ - INFO -   Direction Acc: 0.5500, IC: 0.0171
2025-12-19 15:44:39,077 - __main__ - INFO -   Prediction std: 0.000125
/home/thunderboltdy/ai-stocks/python-ai-service/training/train_gbm_baseline.py:191: UserWarning: No artists with labels found to put in legend.  Note that artists whose label start with an underscore are ignored when legend() is called with no argument.
  axes[1].legend()
2025-12-19 15:44:39,322 - __main__ - INFO - ✓ Training curve saved: logs/lgb_training_curve_IWM_fold4.png
2025-12-19 15:44:39,323 - __main__ - INFO - 
--- Fold 5/5 ---
2025-12-19 15:44:39,323 - __main__ - INFO - Train: 6367 samples (indices 0-6366)
2025-12-19 15:44:39,323 - __main__ - INFO - Val: 60 samples (indices 6368-6427)
2025-12-19 15:44:39,452 - __main__ - INFO -   LightGBM trained 50 trees
/home/thunderboltdy/miniconda3/envs/ai-stocks/lib/python3.10/site-packages/sklearn/utils/validation.py:2749: UserWarning: X does not have valid feature names, but LGBMRegressor was fitted with feature names
  warnings.warn(
2025-12-19 15:44:39,454 - __main__ - INFO -   LightGBM Diagnostics (Fold 5):
2025-12-19 15:44:39,454 - __main__ - INFO -     Prediction std: 0.000097
2025-12-19 15:44:39,454 - __main__ - INFO -     Positive predictions: 98.3%
2025-12-19 15:44:39,454 - __main__ - INFO -     Mean prediction: 0.000281
2025-12-19 15:44:39,454 - __main__ - WARNING -   ⚠️ Fold 5 VARIANCE COLLAPSE: pred_std=0.000097
2025-12-19 15:44:39,454 - __main__ - ERROR -   Model may be over-regularized. Check reg_lambda and early_stopping.
2025-12-19 15:44:39,454 - __main__ - WARNING -   ⚠️ Fold 5 SEVERE BIAS: 98.3% positive
2025-12-19 15:44:39,455 - __main__ - INFO -   MSE: 0.000162, MAE: 0.010239, R²: 0.0010
2025-12-19 15:44:39,455 - __main__ - INFO -   Direction Acc: 0.5500, IC: 0.0937
2025-12-19 15:44:39,455 - __main__ - INFO -   Prediction std: 0.000097
/home/thunderboltdy/ai-stocks/python-ai-service/training/train_gbm_baseline.py:191: UserWarning: No artists with labels found to put in legend.  Note that artists whose label start with an underscore are ignored when legend() is called with no argument.
  axes[1].legend()
2025-12-19 15:44:39,684 - __main__ - INFO - ✓ Training curve saved: logs/lgb_training_curve_IWM_fold5.png
2025-12-19 15:44:39,687 - __main__ - WARNING - ⚠️ 4/5 folds have variance collapse (pred_std < 0.001)
2025-12-19 15:44:39,688 - __main__ - INFO - 
=== LGB CV Summary ===
2025-12-19 15:44:39,688 - __main__ - INFO - MSE: 0.000202 ± 0.000106
2025-12-19 15:44:39,688 - __main__ - INFO - MAE: 0.010177 ± 0.001533
2025-12-19 15:44:39,688 - __main__ - INFO - R²: 0.0020 ± 0.0210
2025-12-19 15:44:39,688 - __main__ - INFO - Direction Acc: 0.5367 ± 0.0594
2025-12-19 15:44:39,688 - __main__ - INFO - IC: 0.1460 ± 0.0883
2025-12-19 15:44:39,688 - __main__ - INFO - Avg prediction std: 0.000790
2025-12-19 15:44:39,690 - __main__ - INFO - Training final LGB model on 6428 samples...
Training until validation scores don't improve for 100 rounds
Did not meet early stopping. Best iteration is:
[14]	training's rmse: 0.0148544	validation's rmse: 0.0144008
2025-12-19 15:44:39,801 - __main__ - INFO - Phase 1 complete: best_iter=14, using 200 trees for final model
2025-12-19 15:44:39,801 - __main__ - INFO - Phase 2 config: {'n_estimators': 200, 'learning_rate': 0.03, 'max_depth': 6, 'num_leaves': 31, 'subsample': 0.8, 'colsample_bytree': 0.8, 'min_child_samples': 20, 'reg_alpha': 0.005, 'reg_lambda': 0.01, 'min_split_gain': 0.0, 'random_state': 42, 'n_jobs': -1, 'objective': 'huber', 'alpha': 0.9, 'metric': ['rmse'], 'verbosity': -1, 'force_col_wise': True, 'deterministic': True}
2025-12-19 15:44:40,251 - __main__ - INFO - Phase 2 complete: Final LightGBM model trained 200 trees
/home/thunderboltdy/ai-stocks/python-ai-service/training/train_gbm_baseline.py:191: UserWarning: No artists with labels found to put in legend.  Note that artists whose label start with an underscore are ignored when legend() is called with no argument.
  axes[1].legend()
2025-12-19 15:44:40,497 - __main__ - INFO - ✓ Training curve saved: logs/lgb_training_curve_IWM_final.png
/home/thunderboltdy/miniconda3/envs/ai-stocks/lib/python3.10/site-packages/sklearn/utils/validation.py:2749: UserWarning: X does not have valid feature names, but LGBMRegressor was fitted with feature names
  warnings.warn(
2025-12-19 15:44:40,503 - __main__ - INFO - Prediction stats: mean=0.000323, std=0.004558
2025-12-19 15:44:40,503 - __main__ - INFO - Prediction distribution: 61.7% positive, 38.3% negative
2025-12-19 15:44:40,503 - __main__ - INFO - Final IC: 0.6434, Direction Acc: 0.6770
2025-12-19 15:44:40,519 - __main__ - INFO - LightGBM model saved to saved_models/IWM/gbm/lgb_reg.joblib
2025-12-19 15:44:40,520 - __main__ - INFO - 
✓ GBM training complete for IWM
2025-12-19 15:44:40,520 - __main__ - INFO -   Models saved to: saved_models/IWM/gbm

============================================================
TRAINING SUMMARY
============================================================

XGB:
  MSE:  0.000203 ± 0.000107
  MAE:  0.010192 ± 0.001520
  R²:   -0.0053 ± 0.0181
  Dir:  0.5200 ± 0.0570
  IC:   0.0265 ± 0.1152

LGB:
  MSE:  0.000202 ± 0.000106
  MAE:  0.010177 ± 0.001533
  R²:   0.0020 ± 0.0210
  Dir:  0.5367 ± 0.0594
  IC:   0.1460 ± 0.0883
